[debug] [2021-08-02T09:19:44.998Z] ----------------------------------------------------------------------
[debug] [2021-08-02T09:19:45.000Z] Command:       C:\Program Files\nodejs\node.exe C:\Users\GRUPO ALIXA S.A\AppData\Roaming\npm\node_modules\firebase-tools\lib\bin\firebase.js emulators:start
[debug] [2021-08-02T09:19:45.001Z] CLI Version:   9.16.0
[debug] [2021-08-02T09:19:45.001Z] Platform:      win32
[debug] [2021-08-02T09:19:45.001Z] Node Version:  v14.17.3
[debug] [2021-08-02T09:19:45.002Z] Time:          Mon Aug 02 2021 04:19:45 GMT-0500 (hora de verano central)
[debug] [2021-08-02T09:19:45.003Z] ----------------------------------------------------------------------
[debug] 
[debug] [2021-08-02T09:19:45.067Z] > command requires scopes: ["email","openid","https://www.googleapis.com/auth/cloudplatformprojects.readonly","https://www.googleapis.com/auth/firebase","https://www.googleapis.com/auth/cloud-platform"]
[debug] [2021-08-02T09:19:45.067Z] > authorizing via signed-in user (alan.fariasg2002@grupoalixa.com)
[info] i  emulators: Starting emulators: hosting {"metadata":{"emulator":{"name":"hub"},"message":"Starting emulators: hosting"}}
[debug] [2021-08-02T09:19:45.148Z] [hub] writing locator at C:\Users\GRUPOA~1.A\AppData\Local\Temp\hub-app-web-project-prueba.json
[debug] [2021-08-02T09:19:45.208Z] > refreshing access token with scopes: []
[debug] [2021-08-02T09:19:45.209Z] >>> HTTP REQUEST POST https://www.googleapis.com/oauth2/v3/token  
 <request body omitted>
[debug] [2021-08-02T09:19:45.389Z] <<< HTTP RESPONSE 200 {"date":"Mon, 02 Aug 2021 09:19:44 GMT","pragma":"no-cache","cache-control":"no-cache, no-store, max-age=0, must-revalidate","expires":"Mon, 01 Jan 1990 00:00:00 GMT","content-type":"application/json; charset=utf-8","vary":"X-Origin, Referer, Origin,Accept-Encoding","server":"scaffolding on HTTPServer2","x-xss-protection":"0","x-frame-options":"SAMEORIGIN","x-content-type-options":"nosniff","alt-svc":"h3=\":443\"; ma=2592000,h3-29=\":443\"; ma=2592000,h3-T051=\":443\"; ma=2592000,h3-Q050=\":443\"; ma=2592000,h3-Q046=\":443\"; ma=2592000,h3-Q043=\":443\"; ma=2592000,quic=\":443\"; ma=2592000; v=\"46,43\"","accept-ranges":"none","transfer-encoding":"chunked"}
[debug] [2021-08-02T09:19:45.503Z] >>> [apiv2][query] GET https://firebasehosting.googleapis.com/v1beta1/projects/app-web-project-prueba/sites 
[debug] [2021-08-02T09:19:45.831Z] <<< [apiv2][status] GET https://firebasehosting.googleapis.com/v1beta1/projects/app-web-project-prueba/sites 200
[debug] [2021-08-02T09:19:45.832Z] <<< [apiv2][body] GET https://firebasehosting.googleapis.com/v1beta1/projects/app-web-project-prueba/sites {"sites":[{"name":"projects/1009207126916/sites/app-web-project-prueba","defaultUrl":"https://app-web-project-prueba.web.app","appId":"1:1009207126916:web:9d578f040e227fe8a28bd1","type":"DEFAULT_SITE"}]}
[debug] [2021-08-02T09:19:45.832Z] >>> [apiv2][query] GET https://firebase.googleapis.com/v1beta1/projects/app-web-project-prueba/webApps/1:1009207126916:web:9d578f040e227fe8a28bd1/config [none]
[debug] [2021-08-02T09:19:46.196Z] <<< [apiv2][status] GET https://firebase.googleapis.com/v1beta1/projects/app-web-project-prueba/webApps/1:1009207126916:web:9d578f040e227fe8a28bd1/config 200
[debug] [2021-08-02T09:19:46.197Z] <<< [apiv2][body] GET https://firebase.googleapis.com/v1beta1/projects/app-web-project-prueba/webApps/1:1009207126916:web:9d578f040e227fe8a28bd1/config {"projectId":"app-web-project-prueba","appId":"1:1009207126916:web:9d578f040e227fe8a28bd1","storageBucket":"app-web-project-prueba.appspot.com","apiKey":"AIzaSyCEVQaO8bdzyOyjPpO0IaTHmpzs9rEll-g","authDomain":"app-web-project-prueba.firebaseapp.com","messagingSenderId":"1009207126916","measurementId":"G-9G1H7J2W6E"}
[info] i  hosting: Serving hosting files from: public {"metadata":{"emulator":{"name":"hosting"},"message":"Serving hosting files from: \u001b[1mpublic\u001b[22m"}}
[info] +  hosting: Local server: http://localhost:5000 {"metadata":{"emulator":{"name":"hosting"},"message":"Local server: \u001b[4m\u001b[1mhttp://localhost:5000\u001b[22m\u001b[24m"}}
[warn] !  emulators: The Emulator UI requires a project ID to start. Configure your default project with 'firebase use' or pass the --project flag. {"metadata":{"emulator":{"name":"hub"},"message":"The Emulator UI requires a project ID to start. Configure your default project with 'firebase use' or pass the --project flag."}}
[info] 
┌─────────────────────────────────────────────────────────────┐
│ ✔  All emulators ready! It is now safe to connect your app. │
└─────────────────────────────────────────────────────────────┘

┌──────────┬────────────────┐
│ Emulator │ Host:Port      │
├──────────┼────────────────┤
│ Hosting  │ localhost:5000 │
└──────────┴────────────────┘
  Emulator Hub running at localhost:4400
  Other reserved ports: None

Issues? Report them at https://github.com/firebase/firebase-tools/issues and attach the *-debug.log files.
 
